This file contains any messages produced by compilers while
running configure, to aid debugging if configure makes a mistake.

It was created by auxv configure 1.0, which was
generated by GNU Autoconf 2.61.  Invocation command line was

  $ ./configure 

## --------- ##
## Platform. ##
## --------- ##

hostname = begna
uname -m = ppc64
uname -r = 2.6.16.53-0.16.bk2-ppc64
uname -s = Linux
uname -v = #1 SMP Tue Oct 2 11:57:49 CDT 2007

/usr/bin/uname -p = unknown
/bin/uname -X     = unknown

/bin/arch              = ppc64
/usr/bin/arch -k       = unknown
/usr/convex/getsysinfo = unknown
/usr/bin/hostinfo      = unknown
/bin/machine           = unknown
/usr/bin/oslevel       = unknown
/bin/universe          = unknown

PATH: /home/spcurry/bin
PATH: /home/spcurry/ppc64-tc-utils/utils/chroot
PATH: /home/spcurry/ppc64-tc-utils/utils/glibc
PATH: /usr/local/svn/bin/svn
PATH: /usr/local/dejagnu/bin
PATH: /home/spcurry/bin
PATH: /usr/local/bin
PATH: /usr/bin
PATH: /usr/X11R6/bin
PATH: /bin
PATH: /usr/games
PATH: /opt/gnome/bin
PATH: /opt/kde3/bin
PATH: /usr/local/git/bin
PATH: /usr/lib/mit/bin
PATH: /usr/lib/mit/sbin
PATH: /usr/local/quilt/bin
PATH: /usr/local/svn/bin
PATH: /usr/local/valgrind/bin


## ----------- ##
## Core tests. ##
## ----------- ##

configure:1753: checking for gcc
configure:1769: found /usr/bin/gcc
configure:1780: result: gcc
configure:2018: checking for C compiler version
configure:2025: gcc --version >&5
gcc (GCC) 4.1.2 20070115 (prerelease) (SUSE Linux)
Copyright (C) 2006 Free Software Foundation, Inc.
This is free software; see the source for copying conditions.  There is NO
warranty; not even for MERCHANTABILITY or FITNESS FOR A PARTICULAR PURPOSE.

configure:2028: $? = 0
configure:2035: gcc -v >&5
Using built-in specs.
Target: powerpc64-suse-linux
Configured with: ../configure --enable-threads=posix --prefix=/usr --with-local-prefix=/usr/local --infodir=/usr/share/info --mandir=/usr/share/man --libdir=/usr/lib --libexecdir=/usr/lib --enable-languages=c,c++,objc,fortran,obj-c++,java,ada --enable-checking=release --with-gxx-include-dir=/usr/include/c++/4.1.2 --enable-ssp --disable-libssp --disable-libgcj --with-slibdir=/lib --with-system-zlib --enable-shared --enable-__cxa_atexit --enable-libstdcxx-allocator=new --program-suffix= --enable-version-specific-runtime-libs --without-system-libunwind --with-cpu=default32 --enable-secureplt --with-long-double-128 --host=powerpc64-suse-linux
Thread model: posix
gcc version 4.1.2 20070115 (prerelease) (SUSE Linux)
configure:2038: $? = 0
configure:2045: gcc -V >&5
gcc: '-V' option must have argument
configure:2048: $? = 1
configure:2071: checking for C compiler default output file name
configure:2098: gcc    conftest.c  >&5
configure:2101: $? = 0
configure:2139: result: a.out
configure:2156: checking whether the C compiler works
configure:2166: ./a.out
configure:2169: $? = 0
configure:2186: result: yes
configure:2193: checking whether we are cross compiling
configure:2195: result: no
configure:2198: checking for suffix of executables
configure:2205: gcc -o conftest    conftest.c  >&5
configure:2208: $? = 0
configure:2232: result: 
configure:2238: checking for suffix of object files
configure:2264: gcc -c   conftest.c >&5
configure:2267: $? = 0
configure:2290: result: o
configure:2294: checking whether we are using the GNU C compiler
configure:2323: gcc -c   conftest.c >&5
configure:2329: $? = 0
configure:2346: result: yes
configure:2351: checking whether gcc accepts -g
configure:2381: gcc -c -g  conftest.c >&5
configure:2387: $? = 0
configure:2486: result: yes
configure:2503: checking for gcc option to accept ISO C89
configure:2577: gcc  -c -g -O2  conftest.c >&5
configure:2583: $? = 0
configure:2606: result: none needed
configure:2624: checking whether ln -s works
configure:2628: result: yes
configure:2643: checking how to run the C preprocessor
configure:2683: gcc -E  conftest.c
configure:2689: $? = 0
configure:2720: gcc -E  conftest.c
conftest.c:8:28: error: ac_nonexistent.h: No such file or directory
configure:2726: $? = 1
configure: failed program was:
| /* confdefs.h.  */
| #define PACKAGE_NAME "auxv"
| #define PACKAGE_TARNAME "auxv"
| #define PACKAGE_VERSION "1.0"
| #define PACKAGE_STRING "auxv 1.0"
| #define PACKAGE_BUGREPORT ""
| /* end confdefs.h.  */
| #include <ac_nonexistent.h>
configure:2759: result: gcc -E
configure:2788: gcc -E  conftest.c
configure:2794: $? = 0
configure:2825: gcc -E  conftest.c
conftest.c:8:28: error: ac_nonexistent.h: No such file or directory
configure:2831: $? = 1
configure: failed program was:
| /* confdefs.h.  */
| #define PACKAGE_NAME "auxv"
| #define PACKAGE_TARNAME "auxv"
| #define PACKAGE_VERSION "1.0"
| #define PACKAGE_STRING "auxv 1.0"
| #define PACKAGE_BUGREPORT ""
| /* end confdefs.h.  */
| #include <ac_nonexistent.h>
configure:2869: checking for grep that handles long lines and -e
configure:2943: result: /usr/bin/grep
configure:2948: checking for egrep
configure:3026: result: /usr/bin/grep -E
configure:3031: checking for ANSI C header files
configure:3061: gcc -c -g -O2  conftest.c >&5
configure:3067: $? = 0
configure:3166: gcc -o conftest -g -O2   conftest.c  >&5
configure:3169: $? = 0
configure:3175: ./conftest
configure:3178: $? = 0
configure:3195: result: yes
configure:3219: checking for sys/types.h
configure:3240: gcc -c -g -O2  conftest.c >&5
configure:3246: $? = 0
configure:3262: result: yes
configure:3219: checking for sys/stat.h
configure:3240: gcc -c -g -O2  conftest.c >&5
configure:3246: $? = 0
configure:3262: result: yes
configure:3219: checking for stdlib.h
configure:3240: gcc -c -g -O2  conftest.c >&5
configure:3246: $? = 0
configure:3262: result: yes
configure:3219: checking for string.h
configure:3240: gcc -c -g -O2  conftest.c >&5
configure:3246: $? = 0
configure:3262: result: yes
configure:3219: checking for memory.h
configure:3240: gcc -c -g -O2  conftest.c >&5
configure:3246: $? = 0
configure:3262: result: yes
configure:3219: checking for strings.h
configure:3240: gcc -c -g -O2  conftest.c >&5
configure:3246: $? = 0
configure:3262: result: yes
configure:3219: checking for inttypes.h
configure:3240: gcc -c -g -O2  conftest.c >&5
configure:3246: $? = 0
configure:3262: result: yes
configure:3219: checking for stdint.h
configure:3240: gcc -c -g -O2  conftest.c >&5
configure:3246: $? = 0
configure:3262: result: yes
configure:3219: checking for unistd.h
configure:3240: gcc -c -g -O2  conftest.c >&5
configure:3246: $? = 0
configure:3262: result: yes
configure:3292: checking fcntl.h usability
configure:3309: gcc -c -g -O2  conftest.c >&5
configure:3315: $? = 0
configure:3329: result: yes
configure:3333: checking fcntl.h presence
configure:3348: gcc -E  conftest.c
configure:3354: $? = 0
configure:3368: result: yes
configure:3396: checking for fcntl.h
configure:3404: result: yes
configure:3292: checking malloc.h usability
configure:3309: gcc -c -g -O2  conftest.c >&5
configure:3315: $? = 0
configure:3329: result: yes
configure:3333: checking malloc.h presence
configure:3348: gcc -E  conftest.c
configure:3354: $? = 0
configure:3368: result: yes
configure:3396: checking for malloc.h
configure:3404: result: yes
configure:3282: checking for strings.h
configure:3288: result: yes
configure:3282: checking for unistd.h
configure:3288: result: yes
configure:3419: checking for working volatile
configure:3448: gcc -c -g -O2  conftest.c >&5
configure:3454: $? = 0
configure:3469: result: yes
configure:3486: checking for stdlib.h
configure:3492: result: yes
configure:3621: checking for GNU libc compatible malloc
configure:3655: gcc -o conftest -g -O2   conftest.c  >&5
configure:3658: $? = 0
configure:3664: ./conftest
configure:3667: $? = 0
configure:3683: result: yes
configure:3716: checking for getpagesize
configure:3772: gcc -o conftest -g -O2   conftest.c  >&5
configure:3778: $? = 0
configure:3796: result: yes
configure:3716: checking for strcasecmp
configure:3772: gcc -o conftest -g -O2   conftest.c  >&5
conftest.c:48: warning: conflicting types for built-in function 'strcasecmp'
configure:3778: $? = 0
configure:3796: result: yes
configure:3909: creating ./config.status

## ---------------------- ##
## Running config.status. ##
## ---------------------- ##

This file was extended by auxv config.status 1.0, which was
generated by GNU Autoconf 2.61.  Invocation command line was

  CONFIG_FILES    = 
  CONFIG_HEADERS  = 
  CONFIG_LINKS    = 
  CONFIG_COMMANDS = 
  $ ./config.status 

on begna

config.status:593: creating Makefile
config.status:593: creating config.h
config.status:814: config.h is unchanged

## ---------------- ##
## Cache variables. ##
## ---------------- ##

ac_cv_c_compiler_gnu=yes
ac_cv_c_volatile=yes
ac_cv_env_CC_set=
ac_cv_env_CC_value=
ac_cv_env_CFLAGS_set=
ac_cv_env_CFLAGS_value=
ac_cv_env_CPPFLAGS_set=
ac_cv_env_CPPFLAGS_value=
ac_cv_env_CPP_set=
ac_cv_env_CPP_value=
ac_cv_env_LDFLAGS_set=
ac_cv_env_LDFLAGS_value=
ac_cv_env_LIBS_set=
ac_cv_env_LIBS_value=
ac_cv_env_build_alias_set=
ac_cv_env_build_alias_value=
ac_cv_env_host_alias_set=
ac_cv_env_host_alias_value=
ac_cv_env_target_alias_set=
ac_cv_env_target_alias_value=
ac_cv_func_getpagesize=yes
ac_cv_func_malloc_0_nonnull=yes
ac_cv_func_strcasecmp=yes
ac_cv_header_fcntl_h=yes
ac_cv_header_inttypes_h=yes
ac_cv_header_malloc_h=yes
ac_cv_header_memory_h=yes
ac_cv_header_stdc=yes
ac_cv_header_stdint_h=yes
ac_cv_header_stdlib_h=yes
ac_cv_header_string_h=yes
ac_cv_header_strings_h=yes
ac_cv_header_sys_stat_h=yes
ac_cv_header_sys_types_h=yes
ac_cv_header_unistd_h=yes
ac_cv_objext=o
ac_cv_path_EGREP='/usr/bin/grep -E'
ac_cv_path_GREP=/usr/bin/grep
ac_cv_prog_CPP='gcc -E'
ac_cv_prog_ac_ct_CC=gcc
ac_cv_prog_cc_c89=
ac_cv_prog_cc_g=yes

## ----------------- ##
## Output variables. ##
## ----------------- ##

CC='gcc'
CFLAGS='-g -O2'
CPP='gcc -E'
CPPFLAGS=''
DEFS='-DHAVE_CONFIG_H'
ECHO_C=''
ECHO_N='-n'
ECHO_T=''
EGREP='/usr/bin/grep -E'
EXEEXT=''
GREP='/usr/bin/grep'
LDFLAGS=''
LIBOBJS=''
LIBS=''
LN_S='ln -s'
LTLIBOBJS=''
OBJEXT='o'
PACKAGE_BUGREPORT=''
PACKAGE_NAME='auxv'
PACKAGE_STRING='auxv 1.0'
PACKAGE_TARNAME='auxv'
PACKAGE_VERSION='1.0'
PATH_SEPARATOR=':'
SHELL='/bin/sh'
ac_ct_CC='gcc'
bindir='${exec_prefix}/bin'
build_alias=''
datadir='${datarootdir}'
datarootdir='${prefix}/share'
docdir='${datarootdir}/doc/${PACKAGE_TARNAME}'
dvidir='${docdir}'
exec_prefix='${prefix}'
host_alias=''
htmldir='${docdir}'
includedir='${prefix}/include'
infodir='${datarootdir}/info'
libdir='${exec_prefix}/lib'
libexecdir='${exec_prefix}/libexec'
localedir='${datarootdir}/locale'
localstatedir='${prefix}/var'
mandir='${datarootdir}/man'
oldincludedir='/usr/include'
pdfdir='${docdir}'
prefix='/usr/local'
program_transform_name='s,x,x,'
psdir='${docdir}'
sbindir='${exec_prefix}/sbin'
sharedstatedir='${prefix}/com'
sysconfdir='${prefix}/etc'
sysheaders='”'
target_alias=''

## ----------- ##
## confdefs.h. ##
## ----------- ##

#define PACKAGE_NAME "auxv"
#define PACKAGE_TARNAME "auxv"
#define PACKAGE_VERSION "1.0"
#define PACKAGE_STRING "auxv 1.0"
#define PACKAGE_BUGREPORT ""
#define STDC_HEADERS 1
#define HAVE_SYS_TYPES_H 1
#define HAVE_SYS_STAT_H 1
#define HAVE_STDLIB_H 1
#define HAVE_STRING_H 1
#define HAVE_MEMORY_H 1
#define HAVE_STRINGS_H 1
#define HAVE_INTTYPES_H 1
#define HAVE_STDINT_H 1
#define HAVE_UNISTD_H 1
#define HAVE_FCNTL_H 1
#define HAVE_MALLOC_H 1
#define HAVE_STRINGS_H 1
#define HAVE_UNISTD_H 1
#define HAVE_STDLIB_H 1
#define HAVE_MALLOC 1
#define HAVE_GETPAGESIZE 1
#define HAVE_STRCASECMP 1

configure: exit 0
